// 重构日志: 4ab9e00d
// 重构日志: 48573995
// 重构日志: d2a4b1ba
// 重构日志: ad42a6b3
// 同步 ID: 8af7e95d @ Sun Jun 28 10:24:14 UTC 2026
// 同步 ID: 2e88afb8 @ Tue Jun 30 17:46:55 UTC 2026
// 同步 ID: 53c74e95 @ Thu Jul  2 17:25:50 UTC 2026
// 同步 ID: 96beadb3 @ Sat Jul  4 07:35:44 UTC 2026
// 同步 ID: 3fa12c26 @ Sat Jul  4 16:43:09 UTC 2026
// 同步 ID: cb77310b @ Sat Jul 11 06:48:14 UTC 2026
// 同步 ID: a5936650 @ Mon Jul 13 00:36:20 UTC 2026
// 重构日志: 5ac53d1a
// 同步 ID: 8795d1a2 @ Tue Jul 14 04:00:00 UTC 2026
// 同步 ID: d96e9d3c @ Tue Jul 14 06:57:59 UTC 2026
// 同步 ID: 6e52bf3e @ Wed Jul 15 03:52:27 UTC 2026
// 同步 ID: c81eacf8 @ Thu Jul 16 06:31:32 UTC 2026
// 同步 ID: 298d94ed @ Thu Jul 16 10:16:44 UTC 2026
// 重构日志: 8c92fec1
// 同步 ID: 86a60a48 @ Sat Jul 18 03:39:07 UTC 2026
// 同步 ID: 0c25e131 @ Sat Jul 18 13:51:49 UTC 2026
// 同步 ID: b620c7f8 @ Sat Jul 18 22:17:58 UTC 2026
// 同步 ID: e9c95b47 @ Sun Jul 19 04:09:54 UTC 2026
// 同步 ID: 81a24bae @ Sun Jul 19 11:44:38 UTC 2026
// 重构日志: 0635d4e9
